Namespace(exp_name='test_my_data_8', model='dgcnn', dataset='modelnet40', batch_size=16, test_batch_size=16, epochs=250, use_sgd=True, lr=0.001, momentum=0.9, no_cuda=False, seed=1, eval=False, num_points=1024, dropout=0.5, emb_dims=1024, k=20, model_path='', predict=False, predict_path='')
Using GPU : 0 from 1 devices
Train 0, loss: 1.228077, train acc: 0.812473, train avg acc: 0.564398, IoU: 0.450726
Test 0, loss: 0.947078, test acc: 0.914207, test avg acc: 0.609827, IoU: 0.565814, time: 9.83 s
Train 1, loss: 0.916895, train acc: 0.917799, train avg acc: 0.646883, IoU: 0.587459
Test 1, loss: 0.809810, test acc: 0.955233, test avg acc: 0.690478, IoU: 0.664852, time: 7.40 s
Train 2, loss: 0.837556, train acc: 0.939304, train avg acc: 0.676405, IoU: 0.629950
Test 2, loss: 0.814131, test acc: 0.947909, test avg acc: 0.679822, IoU: 0.645327, time: 8.57 s
Train 3, loss: 0.824929, train acc: 0.944076, train avg acc: 0.686726, IoU: 0.640802
Test 3, loss: 0.793075, test acc: 0.954729, test avg acc: 0.682156, IoU: 0.657135, time: 8.55 s
Train 4, loss: 0.813239, train acc: 0.947168, train avg acc: 0.689738, IoU: 0.648121
Test 4, loss: 0.806514, test acc: 0.957359, test avg acc: 0.692093, IoU: 0.668267, time: 7.39 s
Train 5, loss: 0.809783, train acc: 0.950115, train avg acc: 0.689165, IoU: 0.648379
Test 5, loss: 0.824828, test acc: 0.958258, test avg acc: 0.700027, IoU: 0.672581, time: 8.66 s
Train 6, loss: 0.810489, train acc: 0.951548, train avg acc: 0.692029, IoU: 0.651004
Test 6, loss: 0.782434, test acc: 0.966109, test avg acc: 0.722545, IoU: 0.689970, time: 8.62 s
Train 7, loss: 0.790464, train acc: 0.957919, train avg acc: 0.699797, IoU: 0.666443
Test 7, loss: 0.788865, test acc: 0.963484, test avg acc: 0.708821, IoU: 0.682740, time: 8.50 s
Train 8, loss: 0.792930, train acc: 0.956216, train avg acc: 0.697961, IoU: 0.658658
Test 8, loss: 0.782691, test acc: 0.970864, test avg acc: 0.719481, IoU: 0.700917, time: 7.25 s
Train 9, loss: 0.792174, train acc: 0.956303, train avg acc: 0.697166, IoU: 0.660310
Test 9, loss: 0.766462, test acc: 0.969893, test avg acc: 0.714743, IoU: 0.697205, time: 8.67 s
Train 10, loss: 0.789742, train acc: 0.960706, train avg acc: 0.705197, IoU: 0.669731
Test 10, loss: 0.765231, test acc: 0.971008, test avg acc: 0.721277, IoU: 0.697408, time: 8.60 s
Train 11, loss: 0.782145, train acc: 0.959110, train avg acc: 0.702623, IoU: 0.665609
Test 11, loss: 0.757156, test acc: 0.974859, test avg acc: 0.722317, IoU: 0.705930, time: 8.53 s
Train 12, loss: 0.778258, train acc: 0.961075, train avg acc: 0.705410, IoU: 0.670753
Test 12, loss: 0.760100, test acc: 0.972090, test avg acc: 0.716619, IoU: 0.698585, time: 7.32 s
Train 13, loss: 0.777048, train acc: 0.961130, train avg acc: 0.702058, IoU: 0.667293
Test 13, loss: 0.769646, test acc: 0.966675, test avg acc: 0.711524, IoU: 0.687148, time: 8.68 s
Train 14, loss: 0.776014, train acc: 0.962723, train avg acc: 0.706178, IoU: 0.672639
Test 14, loss: 0.758964, test acc: 0.972174, test avg acc: 0.717923, IoU: 0.701337, time: 8.59 s
Train 15, loss: 0.775294, train acc: 0.961911, train avg acc: 0.707221, IoU: 0.674900
Test 15, loss: 0.759960, test acc: 0.971696, test avg acc: 0.720924, IoU: 0.701607, time: 8.51 s
Train 16, loss: 0.766940, train acc: 0.966591, train avg acc: 0.713633, IoU: 0.683856
Test 16, loss: 0.761505, test acc: 0.978405, test avg acc: 0.732149, IoU: 0.716821, time: 7.34 s
Train 17, loss: 0.770000, train acc: 0.964371, train avg acc: 0.707455, IoU: 0.673750
Test 17, loss: 0.761501, test acc: 0.972395, test avg acc: 0.720450, IoU: 0.702779, time: 8.65 s
Train 18, loss: 0.765364, train acc: 0.966938, train avg acc: 0.714454, IoU: 0.684765
Test 18, loss: 0.759232, test acc: 0.975270, test avg acc: 0.725946, IoU: 0.711230, time: 8.56 s
Train 19, loss: 0.764688, train acc: 0.968610, train avg acc: 0.715066, IoU: 0.688706
Test 19, loss: 0.751743, test acc: 0.977323, test avg acc: 0.729846, IoU: 0.713198, time: 8.48 s
Train 20, loss: 0.766221, train acc: 0.967067, train avg acc: 0.714665, IoU: 0.682109
Test 20, loss: 0.757494, test acc: 0.972989, test avg acc: 0.717470, IoU: 0.701761, time: 8.44 s
Train 21, loss: 0.766888, train acc: 0.965784, train avg acc: 0.709551, IoU: 0.678627
Test 21, loss: 0.757668, test acc: 0.975253, test avg acc: 0.721427, IoU: 0.706925, time: 8.41 s
Train 22, loss: 0.766210, train acc: 0.966701, train avg acc: 0.711123, IoU: 0.682336
Test 22, loss: 0.753974, test acc: 0.977450, test avg acc: 0.727573, IoU: 0.713924, time: 6.37 s
Train 23, loss: 0.766669, train acc: 0.967095, train avg acc: 0.713852, IoU: 0.683207
Test 23, loss: 0.754277, test acc: 0.974909, test avg acc: 0.722099, IoU: 0.706821, time: 8.57 s
Train 24, loss: 0.765564, train acc: 0.967226, train avg acc: 0.712713, IoU: 0.684717
Test 24, loss: 0.752007, test acc: 0.978011, test avg acc: 0.727158, IoU: 0.713823, time: 8.93 s
Train 25, loss: 0.762322, train acc: 0.968716, train avg acc: 0.717177, IoU: 0.688720
Test 25, loss: 0.749858, test acc: 0.977656, test avg acc: 0.728702, IoU: 0.713884, time: 8.77 s
Train 26, loss: 0.759590, train acc: 0.970280, train avg acc: 0.717161, IoU: 0.690383
Test 26, loss: 0.754646, test acc: 0.972945, test avg acc: 0.720820, IoU: 0.704400, time: 7.32 s
Train 27, loss: 0.767469, train acc: 0.964271, train avg acc: 0.706858, IoU: 0.673500
Test 27, loss: 0.757463, test acc: 0.976968, test avg acc: 0.724574, IoU: 0.710299, time: 8.61 s
Train 28, loss: 0.764051, train acc: 0.967346, train avg acc: 0.711979, IoU: 0.681152
Test 28, loss: 0.758051, test acc: 0.972828, test avg acc: 0.715318, IoU: 0.700037, time: 8.53 s
Train 29, loss: 0.759371, train acc: 0.970468, train avg acc: 0.716303, IoU: 0.689712
Test 29, loss: 0.753271, test acc: 0.974876, test avg acc: 0.718442, IoU: 0.704088, time: 8.54 s
Train 30, loss: 0.758027, train acc: 0.971827, train avg acc: 0.717929, IoU: 0.692885
Test 30, loss: 0.751944, test acc: 0.974160, test avg acc: 0.721027, IoU: 0.704614, time: 7.50 s
Train 31, loss: 0.759097, train acc: 0.969753, train avg acc: 0.714827, IoU: 0.687241
Test 31, loss: 0.753289, test acc: 0.976651, test avg acc: 0.732072, IoU: 0.711786, time: 8.64 s
Train 32, loss: 0.758758, train acc: 0.970994, train avg acc: 0.717746, IoU: 0.690654
Test 32, loss: 0.750788, test acc: 0.976823, test avg acc: 0.724628, IoU: 0.710987, time: 8.52 s
Train 33, loss: 0.759713, train acc: 0.970258, train avg acc: 0.717600, IoU: 0.689488
Test 33, loss: 0.754133, test acc: 0.974288, test avg acc: 0.717952, IoU: 0.702671, time: 8.52 s
Train 34, loss: 0.758750, train acc: 0.970184, train avg acc: 0.713529, IoU: 0.686514
Test 34, loss: 0.755026, test acc: 0.976141, test avg acc: 0.736156, IoU: 0.711209, time: 7.44 s
Train 35, loss: 0.760562, train acc: 0.969560, train avg acc: 0.715667, IoU: 0.687212
Test 35, loss: 0.758902, test acc: 0.971347, test avg acc: 0.720318, IoU: 0.702892, time: 8.58 s
Train 36, loss: 0.759859, train acc: 0.969711, train avg acc: 0.715218, IoU: 0.686126
Test 36, loss: 0.759393, test acc: 0.969543, test avg acc: 0.711306, IoU: 0.694051, time: 8.54 s
Train 37, loss: 0.758860, train acc: 0.969816, train avg acc: 0.715153, IoU: 0.686985
Test 37, loss: 0.750607, test acc: 0.977511, test avg acc: 0.725689, IoU: 0.710748, time: 7.49 s
Train 38, loss: 0.757710, train acc: 0.971342, train avg acc: 0.717040, IoU: 0.691673
Test 38, loss: 0.748913, test acc: 0.977312, test avg acc: 0.728262, IoU: 0.712317, time: 8.52 s
Train 39, loss: 0.754740, train acc: 0.973131, train avg acc: 0.721382, IoU: 0.696560
Test 39, loss: 0.753249, test acc: 0.971824, test avg acc: 0.710272, IoU: 0.694351, time: 8.56 s
Train 40, loss: 0.753059, train acc: 0.974328, train avg acc: 0.722173, IoU: 0.698897
Test 40, loss: 0.747547, test acc: 0.978654, test avg acc: 0.730172, IoU: 0.715510, time: 8.55 s
Train 41, loss: 0.753436, train acc: 0.973776, train avg acc: 0.721033, IoU: 0.696429
Test 41, loss: 0.749060, test acc: 0.976246, test avg acc: 0.721999, IoU: 0.708398, time: 7.47 s
Train 42, loss: 0.757420, train acc: 0.971102, train avg acc: 0.716981, IoU: 0.688931
Test 42, loss: 0.757606, test acc: 0.970398, test avg acc: 0.713135, IoU: 0.695978, time: 8.49 s
Train 43, loss: 0.754798, train acc: 0.973713, train avg acc: 0.721349, IoU: 0.696404
Test 43, loss: 0.748687, test acc: 0.977384, test avg acc: 0.725907, IoU: 0.712477, time: 8.55 s
Train 44, loss: 0.755168, train acc: 0.972904, train avg acc: 0.719418, IoU: 0.693847
Test 44, loss: 0.750533, test acc: 0.973416, test avg acc: 0.715847, IoU: 0.700864, time: 8.51 s
Train 45, loss: 0.752504, train acc: 0.974024, train avg acc: 0.721647, IoU: 0.697645
Test 45, loss: 0.752697, test acc: 0.974915, test avg acc: 0.724690, IoU: 0.708164, time: 7.46 s
Train 46, loss: 0.754334, train acc: 0.973800, train avg acc: 0.721289, IoU: 0.697966
Test 46, loss: 0.748341, test acc: 0.980308, test avg acc: 0.731021, IoU: 0.719092, time: 8.51 s
Train 47, loss: 0.754933, train acc: 0.972822, train avg acc: 0.719632, IoU: 0.693661
Test 47, loss: 0.755010, test acc: 0.974232, test avg acc: 0.719198, IoU: 0.702984, time: 8.54 s
Train 48, loss: 0.753678, train acc: 0.973661, train avg acc: 0.722948, IoU: 0.698843
Test 48, loss: 0.750560, test acc: 0.978244, test avg acc: 0.727569, IoU: 0.714140, time: 8.53 s
Train 49, loss: 0.756087, train acc: 0.971727, train avg acc: 0.720812, IoU: 0.692976
Test 49, loss: 0.751820, test acc: 0.974548, test avg acc: 0.717474, IoU: 0.703237, time: 7.44 s
Train 50, loss: 0.754199, train acc: 0.972561, train avg acc: 0.722639, IoU: 0.696144
Test 50, loss: 0.750783, test acc: 0.976884, test avg acc: 0.726653, IoU: 0.712214, time: 8.49 s
Train 51, loss: 0.753807, train acc: 0.973255, train avg acc: 0.718203, IoU: 0.694196
Test 51, loss: 0.747558, test acc: 0.979070, test avg acc: 0.727405, IoU: 0.714736, time: 8.60 s
Train 52, loss: 0.756034, train acc: 0.972274, train avg acc: 0.719491, IoU: 0.693026
Test 52, loss: 0.753616, test acc: 0.978710, test avg acc: 0.728763, IoU: 0.714267, time: 8.55 s
Train 53, loss: 0.757615, train acc: 0.970295, train avg acc: 0.717526, IoU: 0.688269
Test 53, loss: 0.759731, test acc: 0.969088, test avg acc: 0.714948, IoU: 0.696914, time: 7.45 s
Train 54, loss: 0.760141, train acc: 0.969940, train avg acc: 0.712551, IoU: 0.684282
Test 54, loss: 0.752300, test acc: 0.971785, test avg acc: 0.712845, IoU: 0.697304, time: 8.55 s
Train 55, loss: 0.751959, train acc: 0.974290, train avg acc: 0.721791, IoU: 0.697449
Test 55, loss: 0.754360, test acc: 0.970820, test avg acc: 0.709120, IoU: 0.692588, time: 8.61 s
Train 56, loss: 0.751618, train acc: 0.974601, train avg acc: 0.723908, IoU: 0.700066
Test 56, loss: 0.752013, test acc: 0.972334, test avg acc: 0.716519, IoU: 0.700681, time: 8.51 s
Train 57, loss: 0.751201, train acc: 0.974864, train avg acc: 0.722744, IoU: 0.699230
Test 57, loss: 0.748253, test acc: 0.976385, test avg acc: 0.724198, IoU: 0.709740, time: 7.40 s
Train 58, loss: 0.750783, train acc: 0.975068, train avg acc: 0.730865, IoU: 0.707488
Test 58, loss: 0.748561, test acc: 0.977384, test avg acc: 0.740972, IoU: 0.727944, time: 8.63 s
Train 59, loss: 0.751118, train acc: 0.975094, train avg acc: 0.725560, IoU: 0.702893
Test 59, loss: 0.748152, test acc: 0.975941, test avg acc: 0.720157, IoU: 0.705982, time: 8.53 s
Train 60, loss: 0.751925, train acc: 0.974083, train avg acc: 0.722084, IoU: 0.696930
Test 60, loss: 0.749666, test acc: 0.975680, test avg acc: 0.720183, IoU: 0.706297, time: 8.49 s
Train 61, loss: 0.750718, train acc: 0.975139, train avg acc: 0.732415, IoU: 0.708892
Test 61, loss: 0.748226, test acc: 0.979298, test avg acc: 0.739356, IoU: 0.720440, time: 7.31 s
Train 62, loss: 0.752633, train acc: 0.974152, train avg acc: 0.739555, IoU: 0.713991
Test 62, loss: 0.746835, test acc: 0.977056, test avg acc: 0.723814, IoU: 0.710453, time: 8.70 s
Train 63, loss: 0.751086, train acc: 0.974843, train avg acc: 0.725287, IoU: 0.700888
Test 63, loss: 0.746944, test acc: 0.977223, test avg acc: 0.725712, IoU: 0.712503, time: 8.57 s
Train 64, loss: 0.750633, train acc: 0.975537, train avg acc: 0.728603, IoU: 0.704800
Test 64, loss: 0.750992, test acc: 0.973844, test avg acc: 0.724146, IoU: 0.709604, time: 8.55 s
Train 65, loss: 0.750561, train acc: 0.975621, train avg acc: 0.727046, IoU: 0.704729
Test 65, loss: 0.749262, test acc: 0.975897, test avg acc: 0.734443, IoU: 0.720315, time: 7.35 s
Train 66, loss: 0.749579, train acc: 0.976047, train avg acc: 0.742992, IoU: 0.720764
Test 66, loss: 0.745110, test acc: 0.979098, test avg acc: 0.730586, IoU: 0.718106, time: 8.79 s
Train 67, loss: 0.752771, train acc: 0.973360, train avg acc: 0.725456, IoU: 0.700122
Test 67, loss: 0.746413, test acc: 0.978260, test avg acc: 0.746540, IoU: 0.733879, time: 8.50 s
Train 68, loss: 0.750323, train acc: 0.975921, train avg acc: 0.736283, IoU: 0.713274
Test 68, loss: 0.744528, test acc: 0.980485, test avg acc: 0.749293, IoU: 0.737094, time: 8.51 s
Train 69, loss: 0.747754, train acc: 0.977571, train avg acc: 0.753795, IoU: 0.732316
Test 69, loss: 0.744766, test acc: 0.980097, test avg acc: 0.784792, IoU: 0.769594, time: 7.42 s
Train 70, loss: 0.753055, train acc: 0.973036, train avg acc: 0.736235, IoU: 0.708836
Test 70, loss: 0.747392, test acc: 0.977778, test avg acc: 0.775519, IoU: 0.759624, time: 8.62 s
Train 71, loss: 0.750213, train acc: 0.975576, train avg acc: 0.743833, IoU: 0.718575
Test 71, loss: 0.746413, test acc: 0.981678, test avg acc: 0.740444, IoU: 0.726639, time: 8.53 s
Train 72, loss: 0.750163, train acc: 0.975654, train avg acc: 0.740572, IoU: 0.717789
Test 72, loss: 0.747446, test acc: 0.977117, test avg acc: 0.783714, IoU: 0.763721, time: 7.35 s
Train 73, loss: 0.749252, train acc: 0.976243, train avg acc: 0.757605, IoU: 0.733284
Test 73, loss: 0.744943, test acc: 0.979587, test avg acc: 0.734190, IoU: 0.721234, time: 8.67 s
Train 74, loss: 0.747682, train acc: 0.977091, train avg acc: 0.775586, IoU: 0.751645
Test 74, loss: 0.754290, test acc: 0.969421, test avg acc: 0.706197, IoU: 0.688685, time: 8.73 s
Train 75, loss: 0.753840, train acc: 0.972685, train avg acc: 0.735477, IoU: 0.707292
Test 75, loss: 0.747424, test acc: 0.976374, test avg acc: 0.775896, IoU: 0.761057, time: 8.56 s
Train 76, loss: 0.748530, train acc: 0.977063, train avg acc: 0.758920, IoU: 0.735014
Test 76, loss: 0.747078, test acc: 0.977534, test avg acc: 0.748482, IoU: 0.734349, time: 7.13 s
Train 77, loss: 0.748311, train acc: 0.977155, train avg acc: 0.747767, IoU: 0.725874
Test 77, loss: 0.744489, test acc: 0.982955, test avg acc: 0.816772, IoU: 0.801089, time: 8.51 s
Train 78, loss: 0.749057, train acc: 0.976919, train avg acc: 0.763356, IoU: 0.737790
Test 78, loss: 0.745151, test acc: 0.980297, test avg acc: 0.758450, IoU: 0.744267, time: 8.55 s
Train 79, loss: 0.747794, train acc: 0.977157, train avg acc: 0.778840, IoU: 0.753974
Test 79, loss: 0.745853, test acc: 0.977994, test avg acc: 0.729618, IoU: 0.716772, time: 8.55 s
Train 80, loss: 0.748243, train acc: 0.977606, train avg acc: 0.767708, IoU: 0.743910
Test 80, loss: 0.750261, test acc: 0.977101, test avg acc: 0.784180, IoU: 0.768157, time: 7.58 s
Train 81, loss: 0.751110, train acc: 0.974672, train avg acc: 0.775348, IoU: 0.743456
Test 81, loss: 0.749942, test acc: 0.975203, test avg acc: 0.793559, IoU: 0.776133, time: 8.55 s
Train 82, loss: 0.747799, train acc: 0.977267, train avg acc: 0.786757, IoU: 0.761116
Test 82, loss: 0.743557, test acc: 0.981906, test avg acc: 0.815425, IoU: 0.801519, time: 8.57 s
Train 83, loss: 0.748441, train acc: 0.977061, train avg acc: 0.785712, IoU: 0.759050
Test 83, loss: 0.746975, test acc: 0.978438, test avg acc: 0.793075, IoU: 0.777115, time: 8.56 s
Train 84, loss: 0.747210, train acc: 0.977995, train avg acc: 0.759458, IoU: 0.736686
Test 84, loss: 0.744770, test acc: 0.980935, test avg acc: 0.789401, IoU: 0.777861, time: 7.41 s
Train 85, loss: 0.748498, train acc: 0.976660, train avg acc: 0.793213, IoU: 0.765743
Test 85, loss: 0.743758, test acc: 0.980091, test avg acc: 0.824539, IoU: 0.808946, time: 8.56 s
Train 86, loss: 0.748833, train acc: 0.976651, train avg acc: 0.793513, IoU: 0.768280
Test 86, loss: 0.745487, test acc: 0.980818, test avg acc: 0.800381, IoU: 0.787341, time: 8.56 s
Train 87, loss: 0.750137, train acc: 0.975454, train avg acc: 0.792940, IoU: 0.762311
Test 87, loss: 0.746230, test acc: 0.977517, test avg acc: 0.845870, IoU: 0.823888, time: 8.55 s
Train 88, loss: 0.747906, train acc: 0.977081, train avg acc: 0.793798, IoU: 0.766430
Test 88, loss: 0.745125, test acc: 0.981490, test avg acc: 0.818720, IoU: 0.803399, time: 7.46 s
Train 89, loss: 0.747781, train acc: 0.977164, train avg acc: 0.794084, IoU: 0.765305
Test 89, loss: 0.744523, test acc: 0.979875, test avg acc: 0.830240, IoU: 0.811353, time: 8.57 s
Train 90, loss: 0.747517, train acc: 0.977259, train avg acc: 0.802941, IoU: 0.772052
Test 90, loss: 0.745328, test acc: 0.980236, test avg acc: 0.865276, IoU: 0.837949, time: 8.56 s
Train 91, loss: 0.747913, train acc: 0.977117, train avg acc: 0.797869, IoU: 0.765752
Test 91, loss: 0.748416, test acc: 0.976008, test avg acc: 0.819113, IoU: 0.802080, time: 8.55 s
Train 92, loss: 0.748678, train acc: 0.976983, train avg acc: 0.806844, IoU: 0.778318
Test 92, loss: 0.750155, test acc: 0.975392, test avg acc: 0.866073, IoU: 0.828541, time: 7.37 s
Train 93, loss: 0.750296, train acc: 0.975575, train avg acc: 0.806755, IoU: 0.771489
Test 93, loss: 0.744525, test acc: 0.981878, test avg acc: 0.806094, IoU: 0.793548, time: 8.54 s
Train 94, loss: 0.745918, train acc: 0.978728, train avg acc: 0.828386, IoU: 0.797172
Test 94, loss: 0.746597, test acc: 0.977289, test avg acc: 0.850697, IoU: 0.824969, time: 8.55 s
Train 95, loss: 0.746988, train acc: 0.977906, train avg acc: 0.822203, IoU: 0.791840
Test 95, loss: 0.742222, test acc: 0.982943, test avg acc: 0.881939, IoU: 0.853479, time: 7.41 s
Train 96, loss: 0.746624, train acc: 0.977941, train avg acc: 0.809291, IoU: 0.777537
Test 96, loss: 0.744201, test acc: 0.979792, test avg acc: 0.870317, IoU: 0.836595, time: 8.56 s
Train 97, loss: 0.748979, train acc: 0.976498, train avg acc: 0.808937, IoU: 0.776338
Test 97, loss: 0.748448, test acc: 0.977778, test avg acc: 0.839736, IoU: 0.819979, time: 8.58 s
Train 98, loss: 0.746891, train acc: 0.978031, train avg acc: 0.833896, IoU: 0.804254
Test 98, loss: 0.747123, test acc: 0.976557, test avg acc: 0.874395, IoU: 0.839158, time: 8.58 s
Train 99, loss: 0.746127, train acc: 0.978326, train avg acc: 0.842034, IoU: 0.808070
Test 99, loss: 0.743012, test acc: 0.982466, test avg acc: 0.868243, IoU: 0.846810, time: 7.37 s
Train 100, loss: 0.746353, train acc: 0.978711, train avg acc: 0.844618, IoU: 0.807404
Test 100, loss: 0.741986, test acc: 0.982144, test avg acc: 0.865880, IoU: 0.846559, time: 8.56 s
Train 101, loss: 0.748132, train acc: 0.977572, train avg acc: 0.803671, IoU: 0.772729
Test 101, loss: 0.744303, test acc: 0.980430, test avg acc: 0.884958, IoU: 0.848851, time: 8.53 s
Train 102, loss: 0.747229, train acc: 0.977635, train avg acc: 0.828275, IoU: 0.791230
Test 102, loss: 0.745497, test acc: 0.977866, test avg acc: 0.811765, IoU: 0.795433, time: 8.57 s
Train 103, loss: 0.745864, train acc: 0.979095, train avg acc: 0.825967, IoU: 0.794367
Test 103, loss: 0.746306, test acc: 0.977939, test avg acc: 0.843713, IoU: 0.827524, time: 7.37 s
Train 104, loss: 0.745156, train acc: 0.979717, train avg acc: 0.843872, IoU: 0.810717
Test 104, loss: 0.742839, test acc: 0.981845, test avg acc: 0.855713, IoU: 0.841206, time: 8.51 s
Train 105, loss: 0.745917, train acc: 0.978452, train avg acc: 0.823047, IoU: 0.790040
Test 105, loss: 0.744979, test acc: 0.979853, test avg acc: 0.889600, IoU: 0.855252, time: 8.61 s
Train 106, loss: 0.745723, train acc: 0.978553, train avg acc: 0.835634, IoU: 0.799463
Test 106, loss: 0.744763, test acc: 0.979931, test avg acc: 0.905773, IoU: 0.860491, time: 8.67 s
Train 107, loss: 0.746293, train acc: 0.978318, train avg acc: 0.813259, IoU: 0.776762
Test 107, loss: 0.743694, test acc: 0.981479, test avg acc: 0.853098, IoU: 0.836792, time: 7.24 s
Train 108, loss: 0.745894, train acc: 0.978907, train avg acc: 0.834846, IoU: 0.800244
Test 108, loss: 0.743183, test acc: 0.980741, test avg acc: 0.866345, IoU: 0.844332, time: 8.57 s
Train 109, loss: 0.746208, train acc: 0.978518, train avg acc: 0.857902, IoU: 0.821759
Test 109, loss: 0.744660, test acc: 0.980291, test avg acc: 0.848907, IoU: 0.833555, time: 8.61 s
Train 110, loss: 0.744464, train acc: 0.980456, train avg acc: 0.860392, IoU: 0.826390
Test 110, loss: 0.744136, test acc: 0.980347, test avg acc: 0.875684, IoU: 0.852154, time: 8.58 s
Train 111, loss: 0.744989, train acc: 0.979916, train avg acc: 0.852332, IoU: 0.818549
Test 111, loss: 0.743502, test acc: 0.980924, test avg acc: 0.862017, IoU: 0.846035, time: 7.28 s
Train 112, loss: 0.745484, train acc: 0.978778, train avg acc: 0.834542, IoU: 0.806381
Test 112, loss: 0.744980, test acc: 0.978843, test avg acc: 0.911575, IoU: 0.867689, time: 8.66 s
Train 113, loss: 0.746148, train acc: 0.978612, train avg acc: 0.855624, IoU: 0.814716
Test 113, loss: 0.743562, test acc: 0.980940, test avg acc: 0.885642, IoU: 0.859636, time: 8.64 s
Train 114, loss: 0.744863, train acc: 0.979364, train avg acc: 0.859901, IoU: 0.819160
Test 114, loss: 0.743054, test acc: 0.981345, test avg acc: 0.879588, IoU: 0.848780, time: 8.57 s
Train 115, loss: 0.750972, train acc: 0.975231, train avg acc: 0.842667, IoU: 0.800627
Test 115, loss: 0.754479, test acc: 0.978238, test avg acc: 0.820946, IoU: 0.804007, time: 7.28 s
Train 116, loss: 0.748648, train acc: 0.976879, train avg acc: 0.824597, IoU: 0.785910
Test 116, loss: 0.748892, test acc: 0.979742, test avg acc: 0.852853, IoU: 0.828814, time: 8.57 s
Train 117, loss: 0.745516, train acc: 0.979168, train avg acc: 0.853179, IoU: 0.819202
Test 117, loss: 0.745258, test acc: 0.978566, test avg acc: 0.880184, IoU: 0.853214, time: 8.59 s
Train 118, loss: 0.745963, train acc: 0.978638, train avg acc: 0.853913, IoU: 0.818133
Test 118, loss: 0.743585, test acc: 0.981440, test avg acc: 0.901539, IoU: 0.867955, time: 8.60 s
Train 119, loss: 0.745086, train acc: 0.979412, train avg acc: 0.854243, IoU: 0.816473
Test 119, loss: 0.742901, test acc: 0.981562, test avg acc: 0.902057, IoU: 0.858440, time: 7.40 s
Train 120, loss: 0.744619, train acc: 0.980055, train avg acc: 0.873444, IoU: 0.832539
Test 120, loss: 0.744250, test acc: 0.980879, test avg acc: 0.873270, IoU: 0.852149, time: 8.57 s
Train 121, loss: 0.747165, train acc: 0.977729, train avg acc: 0.871240, IoU: 0.827290
Test 121, loss: 0.747148, test acc: 0.978371, test avg acc: 0.864161, IoU: 0.843212, time: 8.61 s
Train 122, loss: 0.745019, train acc: 0.980294, train avg acc: 0.860848, IoU: 0.824291
Test 122, loss: 0.742736, test acc: 0.982283, test avg acc: 0.913517, IoU: 0.873216, time: 7.37 s
Train 123, loss: 0.742878, train acc: 0.981808, train avg acc: 0.883210, IoU: 0.844226
Test 123, loss: 0.743586, test acc: 0.980602, test avg acc: 0.906079, IoU: 0.860698, time: 8.57 s
Train 124, loss: 0.743868, train acc: 0.980656, train avg acc: 0.880523, IoU: 0.846149
Test 124, loss: 0.742553, test acc: 0.981806, test avg acc: 0.906955, IoU: 0.871979, time: 8.57 s
Train 125, loss: 0.744533, train acc: 0.979761, train avg acc: 0.880008, IoU: 0.844207
Test 125, loss: 0.742113, test acc: 0.982150, test avg acc: 0.893589, IoU: 0.870570, time: 8.57 s
Train 126, loss: 0.743825, train acc: 0.980910, train avg acc: 0.892252, IoU: 0.853508
Test 126, loss: 0.744530, test acc: 0.980225, test avg acc: 0.910725, IoU: 0.868585, time: 7.35 s
Train 127, loss: 0.743415, train acc: 0.980807, train avg acc: 0.882668, IoU: 0.845769
Test 127, loss: 0.744929, test acc: 0.978915, test avg acc: 0.896856, IoU: 0.868130, time: 8.56 s
Train 128, loss: 0.743250, train acc: 0.981080, train avg acc: 0.880143, IoU: 0.839556
Test 128, loss: 0.742759, test acc: 0.981834, test avg acc: 0.892854, IoU: 0.868097, time: 8.64 s
Train 129, loss: 0.742229, train acc: 0.981882, train avg acc: 0.881545, IoU: 0.843355
Test 129, loss: 0.741270, test acc: 0.982827, test avg acc: 0.877714, IoU: 0.857111, time: 8.58 s
Train 130, loss: 0.742950, train acc: 0.981059, train avg acc: 0.887092, IoU: 0.852515
Test 130, loss: 0.741735, test acc: 0.982544, test avg acc: 0.888608, IoU: 0.861805, time: 7.29 s
Train 131, loss: 0.743692, train acc: 0.980599, train avg acc: 0.905957, IoU: 0.865119
Test 131, loss: 0.742090, test acc: 0.981584, test avg acc: 0.880688, IoU: 0.860400, time: 8.60 s
Train 132, loss: 0.743678, train acc: 0.980455, train avg acc: 0.884638, IoU: 0.845007
Test 132, loss: 0.746314, test acc: 0.978510, test avg acc: 0.893276, IoU: 0.861488, time: 8.73 s
Train 133, loss: 0.744273, train acc: 0.980173, train avg acc: 0.867127, IoU: 0.829613
Test 133, loss: 0.745197, test acc: 0.979215, test avg acc: 0.888929, IoU: 0.861126, time: 8.67 s
Train 134, loss: 0.744440, train acc: 0.980075, train avg acc: 0.904468, IoU: 0.855073
Test 134, loss: 0.744940, test acc: 0.979803, test avg acc: 0.872471, IoU: 0.851183, time: 7.05 s
Train 135, loss: 0.744946, train acc: 0.979144, train avg acc: 0.869601, IoU: 0.825753
Test 135, loss: 0.743550, test acc: 0.980413, test avg acc: 0.903764, IoU: 0.866186, time: 8.54 s
Train 136, loss: 0.743693, train acc: 0.980677, train avg acc: 0.876652, IoU: 0.833083
Test 136, loss: 0.744406, test acc: 0.979620, test avg acc: 0.879725, IoU: 0.859054, time: 8.58 s
Train 137, loss: 0.743283, train acc: 0.980749, train avg acc: 0.885420, IoU: 0.849942
Test 137, loss: 0.747408, test acc: 0.975997, test avg acc: 0.863467, IoU: 0.842993, time: 8.58 s
Train 138, loss: 0.744122, train acc: 0.980260, train avg acc: 0.902086, IoU: 0.863264
Test 138, loss: 0.740669, test acc: 0.983742, test avg acc: 0.881223, IoU: 0.863392, time: 7.34 s
Train 139, loss: 0.742089, train acc: 0.982120, train avg acc: 0.889469, IoU: 0.855932
Test 139, loss: 0.744657, test acc: 0.979697, test avg acc: 0.917555, IoU: 0.872952, time: 8.58 s
Train 140, loss: 0.744068, train acc: 0.980087, train avg acc: 0.891825, IoU: 0.853811
Test 140, loss: 0.744856, test acc: 0.979059, test avg acc: 0.861999, IoU: 0.845924, time: 8.59 s
Train 141, loss: 0.741728, train acc: 0.982389, train avg acc: 0.907677, IoU: 0.870872
Test 141, loss: 0.742169, test acc: 0.981368, test avg acc: 0.884564, IoU: 0.857323, time: 8.59 s
Train 142, loss: 0.742555, train acc: 0.981561, train avg acc: 0.903076, IoU: 0.865299
Test 142, loss: 0.744443, test acc: 0.978865, test avg acc: 0.876271, IoU: 0.857491, time: 7.31 s
Train 143, loss: 0.744998, train acc: 0.979263, train avg acc: 0.894907, IoU: 0.854123
Test 143, loss: 0.744008, test acc: 0.979686, test avg acc: 0.889904, IoU: 0.863891, time: 8.60 s
Train 144, loss: 0.742940, train acc: 0.980943, train avg acc: 0.897896, IoU: 0.855844
Test 144, loss: 0.742428, test acc: 0.981329, test avg acc: 0.911121, IoU: 0.878527, time: 8.61 s
Train 145, loss: 0.741134, train acc: 0.982646, train avg acc: 0.916855, IoU: 0.880622
Test 145, loss: 0.740450, test acc: 0.983548, test avg acc: 0.904719, IoU: 0.878895, time: 8.56 s
Train 146, loss: 0.743865, train acc: 0.980357, train avg acc: 0.903776, IoU: 0.862688
Test 146, loss: 0.743207, test acc: 0.981040, test avg acc: 0.904860, IoU: 0.871400, time: 7.33 s
Train 147, loss: 0.741419, train acc: 0.982623, train avg acc: 0.920546, IoU: 0.885646
Test 147, loss: 0.743941, test acc: 0.980635, test avg acc: 0.912013, IoU: 0.882170, time: 8.57 s
Train 148, loss: 0.741856, train acc: 0.982033, train avg acc: 0.905304, IoU: 0.876758
Test 148, loss: 0.741276, test acc: 0.982705, test avg acc: 0.923589, IoU: 0.884741, time: 8.60 s
Train 149, loss: 0.743261, train acc: 0.981098, train avg acc: 0.910658, IoU: 0.867977
Test 149, loss: 0.744791, test acc: 0.978560, test avg acc: 0.882693, IoU: 0.863621, time: 7.29 s
Train 150, loss: 0.742233, train acc: 0.981522, train avg acc: 0.881960, IoU: 0.844732
Test 150, loss: 0.743287, test acc: 0.982394, test avg acc: 0.924256, IoU: 0.878937, time: 8.57 s
Train 151, loss: 0.741047, train acc: 0.983152, train avg acc: 0.908957, IoU: 0.872842
Test 151, loss: 0.741170, test acc: 0.983354, test avg acc: 0.889389, IoU: 0.868426, time: 8.59 s
Train 152, loss: 0.740319, train acc: 0.983314, train avg acc: 0.915527, IoU: 0.878710
Test 152, loss: 0.742494, test acc: 0.980691, test avg acc: 0.914965, IoU: 0.880024, time: 8.59 s
Train 153, loss: 0.741794, train acc: 0.982224, train avg acc: 0.910548, IoU: 0.877989
Test 153, loss: 0.742032, test acc: 0.982111, test avg acc: 0.887780, IoU: 0.863625, time: 7.32 s
Train 154, loss: 0.741311, train acc: 0.982564, train avg acc: 0.917364, IoU: 0.882282
Test 154, loss: 0.742269, test acc: 0.981567, test avg acc: 0.919958, IoU: 0.887991, time: 8.58 s
Train 155, loss: 0.742169, train acc: 0.981939, train avg acc: 0.924907, IoU: 0.889404
Test 155, loss: 0.741606, test acc: 0.983476, test avg acc: 0.876391, IoU: 0.862871, time: 8.64 s
Train 156, loss: 0.742452, train acc: 0.981289, train avg acc: 0.907830, IoU: 0.866584
Test 156, loss: 0.742148, test acc: 0.982572, test avg acc: 0.940827, IoU: 0.890983, time: 8.63 s
Train 157, loss: 0.743061, train acc: 0.981420, train avg acc: 0.918121, IoU: 0.887650
Test 157, loss: 0.742416, test acc: 0.982577, test avg acc: 0.929246, IoU: 0.889209, time: 7.20 s
Train 158, loss: 0.741825, train acc: 0.981969, train avg acc: 0.911391, IoU: 0.872298
Test 158, loss: 0.742063, test acc: 0.982050, test avg acc: 0.905847, IoU: 0.881508, time: 8.54 s
Train 159, loss: 0.742494, train acc: 0.981493, train avg acc: 0.910665, IoU: 0.869727
Test 159, loss: 0.741181, test acc: 0.982466, test avg acc: 0.930133, IoU: 0.887550, time: 8.72 s
Train 160, loss: 0.741942, train acc: 0.981769, train avg acc: 0.907671, IoU: 0.870077
Test 160, loss: 0.741712, test acc: 0.982849, test avg acc: 0.901509, IoU: 0.879665, time: 8.56 s
Train 161, loss: 0.741330, train acc: 0.982494, train avg acc: 0.911736, IoU: 0.870954
Test 161, loss: 0.743740, test acc: 0.980241, test avg acc: 0.842602, IoU: 0.830079, time: 7.22 s
Train 162, loss: 0.741803, train acc: 0.981962, train avg acc: 0.906026, IoU: 0.872622
Test 162, loss: 0.742186, test acc: 0.981329, test avg acc: 0.905856, IoU: 0.878299, time: 8.57 s
Train 163, loss: 0.742727, train acc: 0.981212, train avg acc: 0.917992, IoU: 0.878562
Test 163, loss: 0.743116, test acc: 0.980430, test avg acc: 0.888782, IoU: 0.869349, time: 8.76 s
Train 164, loss: 0.740889, train acc: 0.982883, train avg acc: 0.919414, IoU: 0.886500
Test 164, loss: 0.740088, test acc: 0.984430, test avg acc: 0.902510, IoU: 0.878582, time: 8.59 s
Train 165, loss: 0.740154, train acc: 0.983697, train avg acc: 0.930718, IoU: 0.896926
Test 165, loss: 0.741476, test acc: 0.982888, test avg acc: 0.886349, IoU: 0.869708, time: 7.18 s
Train 166, loss: 0.741415, train acc: 0.982660, train avg acc: 0.918553, IoU: 0.885952
Test 166, loss: 0.742063, test acc: 0.981717, test avg acc: 0.929845, IoU: 0.885538, time: 8.58 s
Train 167, loss: 0.741277, train acc: 0.982431, train avg acc: 0.915851, IoU: 0.877727
Test 167, loss: 0.741955, test acc: 0.980957, test avg acc: 0.929556, IoU: 0.888498, time: 8.58 s
Train 168, loss: 0.741344, train acc: 0.982638, train avg acc: 0.923108, IoU: 0.885328
Test 168, loss: 0.740890, test acc: 0.982810, test avg acc: 0.935450, IoU: 0.900730, time: 8.56 s
Train 169, loss: 0.742700, train acc: 0.980908, train avg acc: 0.912948, IoU: 0.866959
Test 169, loss: 0.741474, test acc: 0.983154, test avg acc: 0.941094, IoU: 0.898543, time: 7.34 s
Train 170, loss: 0.741840, train acc: 0.981979, train avg acc: 0.905527, IoU: 0.866133
Test 170, loss: 0.741265, test acc: 0.983326, test avg acc: 0.936705, IoU: 0.899762, time: 8.59 s
Train 171, loss: 0.740858, train acc: 0.982770, train avg acc: 0.912061, IoU: 0.873950
Test 171, loss: 0.741392, test acc: 0.983276, test avg acc: 0.893683, IoU: 0.873905, time: 8.61 s
Train 172, loss: 0.740097, train acc: 0.983736, train avg acc: 0.927194, IoU: 0.889522
Test 172, loss: 0.740484, test acc: 0.983698, test avg acc: 0.906745, IoU: 0.884649, time: 8.61 s
Train 173, loss: 0.741808, train acc: 0.982005, train avg acc: 0.923371, IoU: 0.891392
Test 173, loss: 0.741700, test acc: 0.982744, test avg acc: 0.922890, IoU: 0.894614, time: 7.31 s
Train 174, loss: 0.740919, train acc: 0.982761, train avg acc: 0.917253, IoU: 0.878874
Test 174, loss: 0.741489, test acc: 0.981662, test avg acc: 0.918136, IoU: 0.891778, time: 8.60 s
Train 175, loss: 0.740632, train acc: 0.983324, train avg acc: 0.920402, IoU: 0.881030
Test 175, loss: 0.741084, test acc: 0.983138, test avg acc: 0.939828, IoU: 0.900200, time: 8.60 s
Train 176, loss: 0.740209, train acc: 0.983502, train avg acc: 0.926945, IoU: 0.891640
Test 176, loss: 0.740472, test acc: 0.984131, test avg acc: 0.939448, IoU: 0.901495, time: 8.59 s
Train 177, loss: 0.740268, train acc: 0.983530, train avg acc: 0.927663, IoU: 0.893813
Test 177, loss: 0.740528, test acc: 0.983959, test avg acc: 0.923338, IoU: 0.898695, time: 8.58 s
Train 178, loss: 0.740582, train acc: 0.983036, train avg acc: 0.927434, IoU: 0.892609
Test 178, loss: 0.740425, test acc: 0.983820, test avg acc: 0.946398, IoU: 0.904596, time: 8.56 s
Train 179, loss: 0.739570, train acc: 0.983992, train avg acc: 0.923303, IoU: 0.883306
Test 179, loss: 0.741423, test acc: 0.982688, test avg acc: 0.897198, IoU: 0.878785, time: 6.67 s
Train 180, loss: 0.739880, train acc: 0.983653, train avg acc: 0.937996, IoU: 0.903101
Test 180, loss: 0.742010, test acc: 0.981057, test avg acc: 0.936726, IoU: 0.894793, time: 8.56 s
Train 181, loss: 0.740811, train acc: 0.982736, train avg acc: 0.929545, IoU: 0.899363
Test 181, loss: 0.742358, test acc: 0.982444, test avg acc: 0.943405, IoU: 0.904777, time: 8.64 s
Train 182, loss: 0.741868, train acc: 0.981905, train avg acc: 0.933980, IoU: 0.896461
Test 182, loss: 0.741422, test acc: 0.983393, test avg acc: 0.927706, IoU: 0.899219, time: 7.29 s
Train 183, loss: 0.740771, train acc: 0.982772, train avg acc: 0.936777, IoU: 0.901284
Test 183, loss: 0.740110, test acc: 0.984070, test avg acc: 0.899110, IoU: 0.876603, time: 8.57 s
Train 184, loss: 0.739353, train acc: 0.984125, train avg acc: 0.928979, IoU: 0.895453
Test 184, loss: 0.740427, test acc: 0.983693, test avg acc: 0.943122, IoU: 0.903956, time: 8.69 s
Train 185, loss: 0.739446, train acc: 0.984243, train avg acc: 0.938545, IoU: 0.904588
Test 185, loss: 0.740705, test acc: 0.983720, test avg acc: 0.947994, IoU: 0.908200, time: 8.70 s
Train 186, loss: 0.740432, train acc: 0.983100, train avg acc: 0.929818, IoU: 0.890839
Test 186, loss: 0.741531, test acc: 0.982028, test avg acc: 0.921759, IoU: 0.890815, time: 7.11 s
Train 187, loss: 0.740283, train acc: 0.983359, train avg acc: 0.923863, IoU: 0.883573
Test 187, loss: 0.742886, test acc: 0.979858, test avg acc: 0.934976, IoU: 0.893507, time: 8.58 s
Train 188, loss: 0.740645, train acc: 0.983261, train avg acc: 0.931991, IoU: 0.896389
Test 188, loss: 0.740651, test acc: 0.983565, test avg acc: 0.935203, IoU: 0.901355, time: 8.58 s
Train 189, loss: 0.739177, train acc: 0.984377, train avg acc: 0.939974, IoU: 0.904392
Test 189, loss: 0.740696, test acc: 0.982516, test avg acc: 0.928317, IoU: 0.897865, time: 8.60 s
Train 190, loss: 0.739844, train acc: 0.983653, train avg acc: 0.935329, IoU: 0.896400
Test 190, loss: 0.741026, test acc: 0.983226, test avg acc: 0.930856, IoU: 0.899706, time: 7.34 s
Train 191, loss: 0.739068, train acc: 0.984462, train avg acc: 0.932557, IoU: 0.892134
Test 191, loss: 0.740246, test acc: 0.983410, test avg acc: 0.934903, IoU: 0.901513, time: 8.59 s
Train 192, loss: 0.739538, train acc: 0.983993, train avg acc: 0.930727, IoU: 0.894582
Test 192, loss: 0.740393, test acc: 0.983654, test avg acc: 0.941388, IoU: 0.904877, time: 8.57 s
Train 193, loss: 0.740992, train acc: 0.982828, train avg acc: 0.933338, IoU: 0.898332
Test 193, loss: 0.742642, test acc: 0.981190, test avg acc: 0.912394, IoU: 0.889190, time: 8.59 s
Train 194, loss: 0.740944, train acc: 0.982525, train avg acc: 0.924533, IoU: 0.885570
Test 194, loss: 0.740905, test acc: 0.982816, test avg acc: 0.928847, IoU: 0.899164, time: 7.26 s
Train 195, loss: 0.739567, train acc: 0.983852, train avg acc: 0.932657, IoU: 0.901069
Test 195, loss: 0.741011, test acc: 0.982616, test avg acc: 0.945541, IoU: 0.901810, time: 8.61 s
Train 196, loss: 0.739302, train acc: 0.984194, train avg acc: 0.925245, IoU: 0.893780
Test 196, loss: 0.739683, test acc: 0.984641, test avg acc: 0.943716, IoU: 0.905618, time: 8.61 s
Train 197, loss: 0.738698, train acc: 0.984788, train avg acc: 0.940176, IoU: 0.901642
Test 197, loss: 0.740640, test acc: 0.982999, test avg acc: 0.929389, IoU: 0.900583, time: 8.61 s
Train 198, loss: 0.738555, train acc: 0.985069, train avg acc: 0.946960, IoU: 0.911200
Test 198, loss: 0.742172, test acc: 0.981101, test avg acc: 0.928813, IoU: 0.898100, time: 7.31 s
Train 199, loss: 0.738718, train acc: 0.984497, train avg acc: 0.927106, IoU: 0.894889
Test 199, loss: 0.741170, test acc: 0.982416, test avg acc: 0.908002, IoU: 0.885674, time: 8.59 s
Train 200, loss: 0.739035, train acc: 0.984396, train avg acc: 0.933768, IoU: 0.903039
Test 200, loss: 0.739984, test acc: 0.984031, test avg acc: 0.949381, IoU: 0.909972, time: 8.59 s
Train 201, loss: 0.739802, train acc: 0.983638, train avg acc: 0.932744, IoU: 0.890521
Test 201, loss: 0.741232, test acc: 0.982056, test avg acc: 0.913834, IoU: 0.889764, time: 8.60 s
Train 202, loss: 0.738887, train acc: 0.984603, train avg acc: 0.942239, IoU: 0.905846
Test 202, loss: 0.741018, test acc: 0.983276, test avg acc: 0.927161, IoU: 0.899160, time: 7.27 s
Train 203, loss: 0.738877, train acc: 0.984598, train avg acc: 0.928656, IoU: 0.899625
Test 203, loss: 0.741710, test acc: 0.981612, test avg acc: 0.937385, IoU: 0.898845, time: 8.62 s
Train 204, loss: 0.738598, train acc: 0.984959, train avg acc: 0.940989, IoU: 0.910323
Test 204, loss: 0.741406, test acc: 0.982056, test avg acc: 0.933529, IoU: 0.900193, time: 8.66 s
Train 205, loss: 0.738715, train acc: 0.984667, train avg acc: 0.945965, IoU: 0.905118
Test 205, loss: 0.740358, test acc: 0.983548, test avg acc: 0.934513, IoU: 0.905072, time: 8.63 s
Train 206, loss: 0.738498, train acc: 0.984970, train avg acc: 0.933689, IoU: 0.899649
Test 206, loss: 0.740878, test acc: 0.982882, test avg acc: 0.943345, IoU: 0.905282, time: 7.24 s
Train 207, loss: 0.739104, train acc: 0.984317, train avg acc: 0.938753, IoU: 0.903357
Test 207, loss: 0.740116, test acc: 0.983892, test avg acc: 0.938948, IoU: 0.905725, time: 8.64 s
Train 208, loss: 0.738612, train acc: 0.984958, train avg acc: 0.931469, IoU: 0.900776
Test 208, loss: 0.739815, test acc: 0.984075, test avg acc: 0.944090, IoU: 0.905149, time: 8.65 s
Train 209, loss: 0.738494, train acc: 0.984899, train avg acc: 0.940137, IoU: 0.910880
Test 209, loss: 0.740077, test acc: 0.984120, test avg acc: 0.933054, IoU: 0.905885, time: 8.60 s
Train 210, loss: 0.739003, train acc: 0.984315, train avg acc: 0.929622, IoU: 0.894216
Test 210, loss: 0.741762, test acc: 0.981728, test avg acc: 0.937539, IoU: 0.903272, time: 7.18 s
Train 211, loss: 0.738759, train acc: 0.984634, train avg acc: 0.936167, IoU: 0.901248
Test 211, loss: 0.740439, test acc: 0.983548, test avg acc: 0.932829, IoU: 0.904337, time: 8.70 s
Train 212, loss: 0.738145, train acc: 0.985323, train avg acc: 0.942214, IoU: 0.912502
Test 212, loss: 0.740253, test acc: 0.983620, test avg acc: 0.937284, IoU: 0.904533, time: 8.62 s
Train 213, loss: 0.739083, train acc: 0.984260, train avg acc: 0.937493, IoU: 0.906943
Test 213, loss: 0.740190, test acc: 0.983831, test avg acc: 0.941397, IoU: 0.908027, time: 8.55 s
Train 214, loss: 0.738810, train acc: 0.984687, train avg acc: 0.941963, IoU: 0.908999
Test 214, loss: 0.740201, test acc: 0.983781, test avg acc: 0.940551, IoU: 0.906827, time: 7.20 s
Train 215, loss: 0.738534, train acc: 0.985135, train avg acc: 0.944563, IoU: 0.911676
Test 215, loss: 0.740280, test acc: 0.983165, test avg acc: 0.938432, IoU: 0.904675, time: 8.59 s
Train 216, loss: 0.738269, train acc: 0.985075, train avg acc: 0.941762, IoU: 0.906830
Test 216, loss: 0.740674, test acc: 0.983143, test avg acc: 0.928484, IoU: 0.900719, time: 8.58 s
Train 217, loss: 0.738686, train acc: 0.984654, train avg acc: 0.932111, IoU: 0.899949
Test 217, loss: 0.740393, test acc: 0.983820, test avg acc: 0.938021, IoU: 0.906022, time: 7.27 s
Train 218, loss: 0.738192, train acc: 0.985232, train avg acc: 0.937948, IoU: 0.907298
Test 218, loss: 0.740154, test acc: 0.983382, test avg acc: 0.941249, IoU: 0.904646, time: 8.60 s
Train 219, loss: 0.738750, train acc: 0.984765, train avg acc: 0.939915, IoU: 0.909689
Test 219, loss: 0.741723, test acc: 0.981551, test avg acc: 0.928934, IoU: 0.900272, time: 8.60 s
Train 220, loss: 0.738493, train acc: 0.984858, train avg acc: 0.946793, IoU: 0.918448
Test 220, loss: 0.740484, test acc: 0.982982, test avg acc: 0.937840, IoU: 0.901634, time: 8.60 s
Train 221, loss: 0.738221, train acc: 0.985237, train avg acc: 0.941306, IoU: 0.906500
Test 221, loss: 0.740094, test acc: 0.983476, test avg acc: 0.935281, IoU: 0.902843, time: 7.24 s
Train 222, loss: 0.738072, train acc: 0.985311, train avg acc: 0.949582, IoU: 0.909130
Test 222, loss: 0.739823, test acc: 0.983892, test avg acc: 0.937115, IoU: 0.905551, time: 8.58 s
Train 223, loss: 0.737978, train acc: 0.985392, train avg acc: 0.943555, IoU: 0.917361
Test 223, loss: 0.740201, test acc: 0.983654, test avg acc: 0.937022, IoU: 0.905882, time: 8.60 s
Train 224, loss: 0.737789, train acc: 0.985582, train avg acc: 0.946691, IoU: 0.915334
Test 224, loss: 0.740907, test acc: 0.982294, test avg acc: 0.932396, IoU: 0.901721, time: 8.61 s
Train 225, loss: 0.737886, train acc: 0.985477, train avg acc: 0.935847, IoU: 0.908036
Test 225, loss: 0.740581, test acc: 0.983010, test avg acc: 0.937238, IoU: 0.905801, time: 7.21 s
Train 226, loss: 0.738606, train acc: 0.984812, train avg acc: 0.937647, IoU: 0.902076
Test 226, loss: 0.740357, test acc: 0.983482, test avg acc: 0.938079, IoU: 0.906147, time: 8.61 s
Train 227, loss: 0.737776, train acc: 0.985717, train avg acc: 0.942526, IoU: 0.910396
Test 227, loss: 0.740512, test acc: 0.983315, test avg acc: 0.930625, IoU: 0.900798, time: 8.62 s
Train 228, loss: 0.737804, train acc: 0.985650, train avg acc: 0.938086, IoU: 0.911653
Test 228, loss: 0.739649, test acc: 0.984203, test avg acc: 0.940810, IoU: 0.905699, time: 8.62 s
Train 229, loss: 0.737811, train acc: 0.985569, train avg acc: 0.946261, IoU: 0.914995
Test 229, loss: 0.740747, test acc: 0.983088, test avg acc: 0.932852, IoU: 0.902793, time: 8.61 s
Train 230, loss: 0.737774, train acc: 0.985384, train avg acc: 0.947529, IoU: 0.914755
Test 230, loss: 0.739768, test acc: 0.984181, test avg acc: 0.936387, IoU: 0.905869, time: 8.59 s
Train 231, loss: 0.738745, train acc: 0.984542, train avg acc: 0.936007, IoU: 0.901466
Test 231, loss: 0.739699, test acc: 0.983781, test avg acc: 0.934638, IoU: 0.905123, time: 6.61 s
Train 232, loss: 0.738212, train acc: 0.985362, train avg acc: 0.938031, IoU: 0.908791
Test 232, loss: 0.739703, test acc: 0.983865, test avg acc: 0.934636, IoU: 0.902881, time: 8.59 s
Train 233, loss: 0.737896, train acc: 0.985371, train avg acc: 0.951732, IoU: 0.923702
Test 233, loss: 0.739875, test acc: 0.983998, test avg acc: 0.934164, IoU: 0.905714, time: 8.61 s
Train 234, loss: 0.738409, train acc: 0.985032, train avg acc: 0.944485, IoU: 0.915566
Test 234, loss: 0.740424, test acc: 0.982932, test avg acc: 0.936570, IoU: 0.902116, time: 8.61 s
Train 235, loss: 0.738077, train acc: 0.985225, train avg acc: 0.944021, IoU: 0.906410
Test 235, loss: 0.740170, test acc: 0.983598, test avg acc: 0.938219, IoU: 0.905159, time: 7.28 s
Train 236, loss: 0.738724, train acc: 0.984810, train avg acc: 0.945336, IoU: 0.907722
Test 236, loss: 0.740224, test acc: 0.983615, test avg acc: 0.932811, IoU: 0.903237, time: 8.61 s
Train 237, loss: 0.737711, train acc: 0.985682, train avg acc: 0.936588, IoU: 0.910059
Test 237, loss: 0.740302, test acc: 0.983260, test avg acc: 0.935081, IoU: 0.906181, time: 8.61 s
Train 238, loss: 0.738009, train acc: 0.985531, train avg acc: 0.939456, IoU: 0.909805
Test 238, loss: 0.740372, test acc: 0.983077, test avg acc: 0.937139, IoU: 0.903531, time: 8.62 s
Train 239, loss: 0.738141, train acc: 0.985291, train avg acc: 0.945765, IoU: 0.909285
Test 239, loss: 0.740512, test acc: 0.982971, test avg acc: 0.935098, IoU: 0.904000, time: 7.24 s
Train 240, loss: 0.738056, train acc: 0.985379, train avg acc: 0.943258, IoU: 0.910462
Test 240, loss: 0.740036, test acc: 0.983787, test avg acc: 0.935279, IoU: 0.905085, time: 8.59 s
Train 241, loss: 0.737623, train acc: 0.985918, train avg acc: 0.950889, IoU: 0.918887
Test 241, loss: 0.740243, test acc: 0.983731, test avg acc: 0.941566, IoU: 0.904517, time: 8.58 s
Train 242, loss: 0.738940, train acc: 0.984256, train avg acc: 0.937406, IoU: 0.902741
Test 242, loss: 0.740451, test acc: 0.983160, test avg acc: 0.932874, IoU: 0.903612, time: 8.59 s
Train 243, loss: 0.737569, train acc: 0.985980, train avg acc: 0.942456, IoU: 0.912144
Test 243, loss: 0.740057, test acc: 0.983693, test avg acc: 0.940137, IoU: 0.907665, time: 7.25 s
Train 244, loss: 0.738438, train acc: 0.985208, train avg acc: 0.944820, IoU: 0.912054
Test 244, loss: 0.740155, test acc: 0.983826, test avg acc: 0.937607, IoU: 0.907027, time: 8.60 s
Train 245, loss: 0.737908, train acc: 0.985419, train avg acc: 0.945865, IoU: 0.919150
Test 245, loss: 0.739952, test acc: 0.984270, test avg acc: 0.939510, IoU: 0.908269, time: 8.60 s
Train 246, loss: 0.738245, train acc: 0.985200, train avg acc: 0.940001, IoU: 0.908859
Test 246, loss: 0.739910, test acc: 0.984092, test avg acc: 0.938881, IoU: 0.905155, time: 8.61 s
Train 247, loss: 0.738033, train acc: 0.985529, train avg acc: 0.945392, IoU: 0.914537
Test 247, loss: 0.739934, test acc: 0.983953, test avg acc: 0.938596, IoU: 0.906384, time: 7.27 s
Train 248, loss: 0.737944, train acc: 0.985522, train avg acc: 0.943531, IoU: 0.913007
Test 248, loss: 0.740381, test acc: 0.983238, test avg acc: 0.936708, IoU: 0.905537, time: 8.63 s
Train 249, loss: 0.737697, train acc: 0.985822, train avg acc: 0.946523, IoU: 0.916369
Test 249, loss: 0.739864, test acc: 0.983931, test avg acc: 0.933425, IoU: 0.902770, time: 8.62 s
